
================================================================
======== FXServer Starting - 7/1/2022, 6:36:55 PM               
================================================================
[    c-scripting-core] Creating script environments for _cfx_internal
[ citizen-server-impl] Scanning resources.
[ citizen-server-impl] Found 25 resources.
[          svadhesive] Authenticating server license key...
[          svadhesive] Server license key authentication succeeded. Welcome!
[    c-scripting-core] Creating script environments for sessionmanager
Stack overflow in unmanaged: IP: 0x7fb5f4cbd005, fault addr: 0x7ffed6e22618
[ citizen-server-impl] Started resource sessionmanager
[    c-scripting-core] Creating script environments for monitor
[      script:monitor] [txAdminClient] Version 4.14.0 starting...
[ citizen-server-impl] Started resource monitor
[    c-scripting-core] Creating script environments for yarn
[ citizen-server-impl] Started resource yarn
[    c-scripting-core] Creating script environments for mapmanager
[ citizen-server-impl] Started resource mapmanager
[    c-scripting-core] Creating script environments for webpack
[ citizen-server-impl] Started resource webpack
[ citizen-server-impl] Running build tasks on resource chat - it'll restart once completed.
[      script:webpack] chat: started building webpack.config.js
[ citizen-server-impl] Couldn't start resource chat.
[ citizen-server-impl] Started resource spawnmanager
[   script:mapmanager] Started gametype Freeroam
[ citizen-server-impl] Started resource basic-gamemode
[    c-scripting-core] Creating script environments for hardcap
[ citizen-server-impl] Started resource hardcap
[    c-scripting-core] Creating script environments for rconlog
[ citizen-server-impl] Started resource rconlog
[      script:monitor] [txAdminClient] Threads and commands set up. All Ready.
[   script:mapmanager] Started map fivem-map-skater
[ citizen-server-impl] Started resource fivem-map-skater
[ citizen-server-impl]         fff                          
[ citizen-server-impl]   cccc ff   xx  xx     rr rr    eee  
[ citizen-server-impl] cc     ffff   xx       rrr  r ee   e 
[ citizen-server-impl] cc     ff     xx   ... rr     eeeee  
[ citizen-server-impl]  ccccc ff   xx  xx ... rr      eeeee 
[ citizen-server-impl]                                      
[ citizen-server-impl] Authenticated with cfx.re Nucleus: https://open-mailbox-2e5y8a.users.cfx.re/
[      script:webpack] chat: built webpack.config.js
[ citizen-server-impl] Build tasks completed - starting resource chat.
[    c-scripting-core] Creating script environments for chat
[ citizen-server-impl] Started resource chat
[              server] Error: Loop svMain is hung for over 5 minutes - terminating with a fatal exception.
[ citizen-server-impl] server thread hitch warning: timer interval of 1739783 milliseconds
[ citizen-server-impl] sync thread hitch warning: timer interval of 1739787 milliseconds
[ citizen-server-impl] network thread hitch warning: timer interval of 1739784 milliseconds

================================================================
======== FXServer Starting - 7/1/2022, 8:13:13 PM               
================================================================
[    c-scripting-core] Creating script environments for _cfx_internal
[ citizen-server-impl] Scanning resources.
[ citizen-server-impl] Found 1 resources.
[          svadhesive] Authenticating server license key...
[          svadhesive] Server license key authentication succeeded. Welcome!
[ citizen-server-impl] Couldn't find resource sessionmanager.
[    c-scripting-core] Creating script environments for monitor
[      script:monitor] [txAdminClient] Version 4.14.0 starting...
[ citizen-server-impl] Started resource monitor
[ citizen-server-impl] Couldn't find resource yarn.
[ citizen-server-impl] Couldn't find resource mapmanager.
[ citizen-server-impl] Couldn't find resource chat.
[ citizen-server-impl] Couldn't find resource spawnmanager.
[ citizen-server-impl] Couldn't find resource sessionmanager.
[ citizen-server-impl] Couldn't find resource basic-gamemode.
[ citizen-server-impl] Couldn't find resource hardcap.
[ citizen-server-impl] Couldn't find resource rconlog.
[      script:monitor] [txAdminClient] Threads and commands set up. All Ready.
[ citizen-server-impl]         fff                          
[ citizen-server-impl]   cccc ff   xx  xx     rr rr    eee  
[ citizen-server-impl] cc     ffff   xx       rrr  r ee   e 
[ citizen-server-impl] cc     ff     xx   ... rr     eeeee  
[ citizen-server-impl]  ccccc ff   xx  xx ... rr      eeeee 
[ citizen-server-impl]                                      
[ citizen-server-impl] Authenticated with cfx.re Nucleus: https://open-mailbox-2e5y8a.users.cfx.re/

================================================================
======== FXServer Starting - 7/1/2022, 8:17:12 PM               
================================================================
[    c-scripting-core] Creating script environments for _cfx_internal
[ citizen-server-impl] Scanning resources.
[    c-resources-core] Resource loading for \[local\] failed:
[    c-resources-core] Could not open resource metadata file - no such file.
[ citizen-server-impl] Found 26 resources.
[          svadhesive] Authenticating server license key...
[          svadhesive] Server license key authentication succeeded. Welcome!
[    c-scripting-core] Creating script environments for sessionmanager
Stack overflow in unmanaged: IP: 0x7f6e2663a005, fault addr: 0x7fffca00afb8
[ citizen-server-impl] Started resource sessionmanager
[    c-scripting-core] Creating script environments for monitor
[      script:monitor] [txAdminClient] Version 4.14.0 starting...
[ citizen-server-impl] Started resource monitor
[    c-scripting-core] Creating script environments for yarn
[ citizen-server-impl] Started resource yarn
[    c-scripting-core] Creating script environments for mapmanager
[ citizen-server-impl] Started resource mapmanager
[ citizen-server-impl] Running build tasks on resource webpack - it'll restart once completed.
[    c-resources-core] Could not start dependency webpack for resource chat.
[ citizen-server-impl] Couldn't start resource chat.
[ citizen-server-impl] Started resource spawnmanager
[   script:mapmanager] Started gametype Freeroam
[ citizen-server-impl] Started resource basic-gamemode
[    c-scripting-core] Creating script environments for hardcap
[ citizen-server-impl] Started resource hardcap
[    c-scripting-core] Creating script environments for rconlog
[ citizen-server-impl] Started resource rconlog
[      script:monitor] [txAdminClient] Threads and commands set up. All Ready.
[   script:mapmanager] Started map fivem-map-skater
[ citizen-server-impl] Started resource fivem-map-skater
[         script:yarn] [yarn] yarn install v1.22.5
[         script:yarn] 
[         script:yarn] [yarn] [1/4] Resolving packages...
[         script:yarn] 
[         script:yarn] [yarn] [2/4] Fetching packages...
[         script:yarn] 
[ citizen-server-impl]         fff                          
[ citizen-server-impl]   cccc ff   xx  xx     rr rr    eee  
[ citizen-server-impl] cc     ffff   xx       rrr  r ee   e 
[ citizen-server-impl] cc     ff     xx   ... rr     eeeee  
[ citizen-server-impl]  ccccc ff   xx  xx ... rr      eeeee 
[ citizen-server-impl]                                      
[ citizen-server-impl] Authenticated with cfx.re Nucleus: https://open-mailbox-2e5y8a.users.cfx.re/
[         script:yarn] [yarn] info fsevents@2.3.1: The platform "linux" is incompatible with this module.
[         script:yarn] 
[         script:yarn] [yarn] info "fsevents@2.3.1" is an optional dependency and failed compatibility check. Excluding it from installation.
[         script:yarn] 
[         script:yarn] [yarn] info fsevents@1.2.13: The platform "linux" is incompatible with this module.
[         script:yarn] info "fsevents@1.2.13" is an optional dependency and failed compatibility check. Excluding it from installation.
[         script:yarn] 
[         script:yarn] [yarn] [3/4] Linking dependencies...
[         script:yarn] 
[         script:yarn] [yarn] [4/4] Building fresh packages...
[         script:yarn] 
[         script:yarn] Error: [yarn] warning Ignored scripts due to flag.
[         script:yarn] 
[         script:yarn] [yarn] Done in 10.40s.
[         script:yarn] 
[ citizen-server-impl] Build tasks completed - starting resource webpack.
[    c-scripting-core] Creating script environments for webpack
[ citizen-server-impl] Running build tasks on resource chat - it'll restart once completed.
[ citizen-server-impl] Started resource webpack
[         script:yarn] [yarn] yarn install v1.22.5
[         script:yarn] 
[         script:yarn] [yarn] [1/4] Resolving packages...
[         script:yarn] 
[         script:yarn] [yarn] [2/4] Fetching packages...
[         script:yarn] 
[         script:yarn] [yarn] info fsevents@1.2.11: The platform "linux" is incompatible with this module.
[         script:yarn] 
[         script:yarn] [yarn] info "fsevents@1.2.11" is an optional dependency and failed compatibility check. Excluding it from installation.
[         script:yarn] 
[         script:yarn] [yarn] [3/4] Linking dependencies...
[         script:yarn] 
[         script:yarn] [yarn] [4/4] Building fresh packages...
[         script:yarn] 
[         script:yarn] Error: [yarn] warning Ignored scripts due to flag.
[         script:yarn] 
[         script:yarn] [yarn] Done in 37.27s.
[         script:yarn] 
[      script:webpack] chat: started building webpack.config.js
[ citizen-server-impl] server thread hitch warning: timer interval of 455 milliseconds
[      script:webpack] chat: built webpack.config.js
[ citizen-server-impl] Build tasks completed - starting resource chat.
[    c-scripting-core] Creating script environments for chat
[ citizen-server-impl] Started resource chat

================================================================
======== FXServer Starting - 7/1/2022, 8:22:59 PM               
================================================================
[    c-scripting-core] Creating script environments for _cfx_internal
[ citizen-server-impl] Scanning resources.
[ citizen-server-impl] Found 25 resources.
[          svadhesive] Authenticating server license key...
[          svadhesive] Server license key authentication succeeded. Welcome!
[    c-scripting-core] Creating script environments for sessionmanager
Stack overflow in unmanaged: IP: 0x7f806a92f005, fault addr: 0x7fffeaebfbc8
[ citizen-server-impl] Started resource sessionmanager
[    c-scripting-core] Creating script environments for monitor
[      script:monitor] [txAdminClient] Version 4.14.0 starting...
[ citizen-server-impl] Started resource monitor
[    c-scripting-core] Creating script environments for yarn
[ citizen-server-impl] Started resource yarn
[    c-scripting-core] Creating script environments for mapmanager
[ citizen-server-impl] Started resource mapmanager
[ citizen-server-impl] Running build tasks on resource webpack - it'll restart once completed.
[    c-resources-core] Could not start dependency webpack for resource chat.
[ citizen-server-impl] Couldn't start resource chat.
[ citizen-server-impl] Started resource spawnmanager
[   script:mapmanager] Started gametype Freeroam
[ citizen-server-impl] Started resource basic-gamemode
[    c-scripting-core] Creating script environments for hardcap
[ citizen-server-impl] Started resource hardcap
[    c-scripting-core] Creating script environments for rconlog
[ citizen-server-impl] Started resource rconlog
[      script:monitor] [txAdminClient] Threads and commands set up. All Ready.
[   script:mapmanager] Started map fivem-map-skater
[ citizen-server-impl] Started resource fivem-map-skater
[         script:yarn] [yarn] yarn install v1.22.5
[         script:yarn] 
[         script:yarn] [yarn] [1/4] Resolving packages...
[         script:yarn] 
[         script:yarn] [yarn] [2/4] Fetching packages...
[         script:yarn] 
[ citizen-server-impl]         fff                          
[ citizen-server-impl]   cccc ff   xx  xx     rr rr    eee  
[ citizen-server-impl] cc     ffff   xx       rrr  r ee   e 
[ citizen-server-impl] cc     ff     xx   ... rr     eeeee  
[ citizen-server-impl]  ccccc ff   xx  xx ... rr      eeeee 
[ citizen-server-impl]                                      
[ citizen-server-impl] Authenticated with cfx.re Nucleus: https://open-mailbox-2e5y8a.users.cfx.re/
[         script:yarn] [yarn] info fsevents@2.3.1: The platform "linux" is incompatible with this module.
[         script:yarn] 
[         script:yarn] [yarn] info "fsevents@2.3.1" is an optional dependency and failed compatibility check. Excluding it from installation.
[         script:yarn] 
[         script:yarn] [yarn] info fsevents@1.2.13: The platform "linux" is incompatible with this module.
[         script:yarn] 
[         script:yarn] [yarn] info "fsevents@1.2.13" is an optional dependency and failed compatibility check. Excluding it from installation.
[         script:yarn] 
[         script:yarn] [yarn] [3/4] Linking dependencies...
[         script:yarn] 
[         script:yarn] [yarn] [4/4] Building fresh packages...
[         script:yarn] 
[         script:yarn] Error: [yarn] warning Ignored scripts due to flag.
[         script:yarn] 
[         script:yarn] [yarn] Done in 9.12s.
[         script:yarn] 
[ citizen-server-impl] Build tasks completed - starting resource webpack.
[    c-scripting-core] Creating script environments for webpack
[ citizen-server-impl] Running build tasks on resource chat - it'll restart once completed.
[ citizen-server-impl] Started resource webpack
[         script:yarn] [yarn] yarn install v1.22.5
[         script:yarn] 
[         script:yarn] [yarn] [1/4] Resolving packages...
[         script:yarn] 
[         script:yarn] [yarn] [2/4] Fetching packages...
[         script:yarn] 
> txaEvent "adminsUpdated" "[]"
[         script:yarn] [yarn] info fsevents@1.2.11: The platform "linux" is incompatible with this module.
[         script:yarn] 
[         script:yarn] [yarn] info "fsevents@1.2.11" is an optional dependency and failed compatibility check. Excluding it from installation.
[         script:yarn] 
[         script:yarn] [yarn] [3/4] Linking dependencies...
[         script:yarn] 
[         script:yarn] [yarn] [4/4] Building fresh packages...
[         script:yarn] 
[         script:yarn] Error: [yarn] warning Ignored scripts due to flag.
[         script:yarn] 
[         script:yarn] [yarn] Done in 60.81s.
[         script:yarn] 
[      script:webpack] chat: started building webpack.config.js
[ citizen-server-impl] server thread hitch warning: timer interval of 519 milliseconds
[      script:webpack] chat: built webpack.config.js
[ citizen-server-impl] Build tasks completed - starting resource chat.
[    c-scripting-core] Creating script environments for chat
[ citizen-server-impl] Started resource chat
